<?xml version="1.0" encoding="UTF-8"?>
<testsuite xmlns:xsi="http://www.w3.org/2001/XMLSchema-instance" xsi:noNamespaceSchemaLocation="https://maven.apache.org/surefire/maven-surefire-plugin/xsd/surefire-test-report.xsd" name="com.example.VectorTest" time="0.001" tests="25" errors="0" skipped="0" failures="0">
  <properties>
[...]
</properties>
  <testcase name="testMagnitudeOfVector" classname="com.example.VectorTest" time="0"/>
  <testcase name="testLengthOfZeroVector" classname="com.example.VectorTest" time="0"/>
  <testcase name="testOrthogonalProjection" classname="com.example.VectorTest" time="0"/>
  <testcase name="testLinearCombination" classname="com.example.VectorTest" time="0"/>
  <testcase name="testVectorCopy" classname="com.example.VectorTest" time="0"/>
  <testcase name="testScalarTripleProduct" classname="com.example.VectorTest" time="0"/>
  <testcase name="testIdentityVector3" classname="com.example.VectorTest" time="0"/>
  <testcase name="testNormalizeZeroVector" classname="com.example.VectorTest" time="0"/>
  <testcase name="testDotProduct" classname="com.example.VectorTest" time="0"/>
  <testcase name="testInvalidSetIndex" classname="com.example.VectorTest" time="0"/>
  <testcase name="testCrossProduct" classname="com.example.VectorTest" time="0"/>
  <testcase name="testAngleBetweenVectorsRadians" classname="com.example.VectorTest" time="0"/>
  <testcase name="testInvalidLinearCombination" classname="com.example.VectorTest" time="0"/>
  <testcase name="testSubtractVectors" classname="com.example.VectorTest" time="0"/>
  <testcase name="testGetSpecificElement" classname="com.example.VectorTest" time="0"/>
  <testcase name="testEmptyVector" classname="com.example.VectorTest" time="0"/>
  <testcase name="testVectorInitialization" classname="com.example.VectorTest" time="0"/>
  <testcase name="testAngleBetweenVectorsDegrees" classname="com.example.VectorTest" time="0"/>
  <testcase name="testMultiplyVectorByScalar" classname="com.example.VectorTest" time="0"/>
  <testcase name="testNormalizeVector" classname="com.example.VectorTest" time="0"/>
  <testcase name="testGetEntriesOfVector" classname="com.example.VectorTest" time="0"/>
  <testcase name="testAddVectors" classname="com.example.VectorTest" time="0"/>
  <testcase name="testUpdateVectorElement" classname="com.example.VectorTest" time="0"/>
  <testcase name="testOuterProduct" classname="com.example.VectorTest" time="0"/>
  <testcase name="testInvalidOrthogonalProjection" classname="com.example.VectorTest" time="0"/>
</testsuite>